Looking for git in: git
Using git 2.7.4 from git
> git rev-parse --show-toplevel
> git rev-parse --git-dir
> git config --get commit.template
Open repository: /home/user/Desktop/react2/todo
> git status -z -u
> git symbolic-ref --short HEAD
> git rev-parse master
> git rev-parse --symbolic-full-name master@{u}
fatal: no upstream configured for branch 'master'
> git for-each-ref --format %(refname) %(objectname) --sort -committerdate
> git remote --verbose
> git check-ignore -v -z --stdin
> git check-ignore -v -z --stdin
> git show :src/App.js
> git status -z -u
> git symbolic-ref --short HEAD
> git rev-parse master
> git rev-parse --symbolic-full-name master@{u}
fatal: no upstream configured for branch 'master'
> git for-each-ref --format %(refname) %(objectname) --sort -committerdate
> git remote --verbose
> git status -z -u
> git symbolic-ref --short HEAD
> git rev-parse master
> git rev-parse --symbolic-full-name master@{u}
fatal: no upstream configured for branch 'master'
> git for-each-ref --format %(refname) %(objectname) --sort -committerdate
> git remote --verbose
> git show :src/Listitems.js
> git ls-files --stage -- src/
> git check-ignore -v -z --stdin
> git show :src/App.js
> git show :src/Listitems.js
> git ls-files --stage -- src/
> git show :src/App.js
> git show :src/Listitems.js
> git ls-files --stage -- src/
> git show :src/App.js
> git show :src/Listitems.js
> git ls-files --stage -- src/
> git show :src/App.js
> git show :src/Listitems.js
> git ls-files --stage -- src/
> git show :src/App.js
> git show :src/Listitems.js
> git ls-files --stage -- src/
> git show :src/App.js
> git show :src/Listitems.js
> git ls-files --stage -- src/
> git show :src/App.js
> git show :src/Listitems.js
> git ls-files --stage -- src/
> git show :src/App.js
> git show :src/Listitems.js
> git ls-files --stage -- src/
> git show :src/App.js
> git show :src/Listitems.js
> git ls-files --stage -- src/
> git show :src/App.js
> git show :src/Listitems.js
> git ls-files --stage -- src/
> git show :src/App.js
> git show :src/Listitems.js
> git ls-files --stage -- src/
> git show :src/App.js
> git show :src/Listitems.js
> git ls-files --stage -- src/
> git show :src/App.js
> git show :src/Listitems.js
> git ls-files --stage -- src/
> git show :src/App.js
> git show :src/Listitems.js
> git ls-files --stage -- src/
> git show :src/App.js
> git show :src/Listitems.js
> git ls-files --stage -- src/
> git show :src/App.js
> git show :src/Listitems.js
> git ls-files --stage -- src/
> git show :src/App.js
> git show :src/Listitems.js
> git ls-files --stage -- src/
> git show :src/App.js
> git show :src/Listitems.js
> git ls-files --stage -- src/
> git show :src/App.js
> git show :src/Listitems.js
> git ls-files --stage -- src/
> git show :src/App.js
> git show :src/Listitems.js
> git ls-files --stage -- src/
> git show :src/App.js
> git show :src/Listitems.js
> git ls-files --stage -- src/
> git show :src/App.js
> git show :src/Listitems.js
> git ls-files --stage -- src/
> git show :src/App.js
> git status -z -u
> git symbolic-ref --short HEAD
> git rev-parse master
> git rev-parse --symbolic-full-name master@{u}
fatal: no upstream configured for branch 'master'
> git for-each-ref --format %(refname) %(objectname) --sort -committerdate
> git remote --verbose
> git show :src/App.js
> git status -z -u
> git symbolic-ref --short HEAD
> git rev-parse master
> git rev-parse --symbolic-full-name master@{u}
fatal: no upstream configured for branch 'master'
> git for-each-ref --format %(refname) %(objectname) --sort -committerdate
> git remote --verbose
> git show :src/App.js
> git status -z -u
> git symbolic-ref --short HEAD
> git rev-parse master
> git rev-parse --symbolic-full-name master@{u}
fatal: no upstream configured for branch 'master'
> git for-each-ref --format %(refname) %(objectname) --sort -committerdate
> git remote --verbose
> git show :src/App.js
> git show :src/App.js
> git status -z -u
> git symbolic-ref --short HEAD
> git rev-parse master
> git rev-parse --symbolic-full-name master@{u}
> git rev-list --left-right master...refs/remotes/origin/master
> git for-each-ref --format %(refname) %(objectname) --sort -committerdate
> git remote --verbose
Failed to watch ref '/home/user/Desktop/react2/todo/.git/refs/remotes/origin/master', is most likely packed.
Error: ENOSPC: no space left on device, watch '/home/user/Desktop/react2/todo/.git/refs/remotes/origin/master'
	at FSWatcher.start (internal/fs/watchers.js:164:26)
	at Object.watch (fs.js:1232:11)
	at Object.t.watch (/usr/share/code/resources/app/extensions/git/dist/main.js:1:6950)
	at E.updateTransientWatchers (/usr/share/code/resources/app/extensions/git/dist/main.js:1:97463)
	at u.fire (/usr/share/code/resources/app/out/vs/workbench/services/extensions/node/extensionHostProcess.js:50:227)
	at T.updateModelState (/usr/share/code/resources/app/extensions/git/dist/main.js:1:114843)
> git show :yarn.lock
> git status -z -u
> git symbolic-ref --short HEAD
> git rev-parse master
> git rev-parse --symbolic-full-name master@{u}
> git rev-list --left-right master...refs/remotes/origin/master
> git for-each-ref --format %(refname) %(objectname) --sort -committerdate
> git remote --verbose
> git show :yarn.lock
